Exporter version: 2.80.1, Blender version: 2.92.0
========= Conversion from Blender to Babylon.js =========
	Scene settings used :
		Inline textures     :  false
		Material Type       :  PBR
		Positions Precision :  4
		Normals Precision   :  3
		UVs Precision       :  3
		Vert Color Precision:  3
		Mat Weight Precision:  2
		Keep Z-up r-handed  :  no
		Texture directory   :  C:\Users\DCV\Documents\AbschlussProjekt\exercises\1.2\assets\models\
	Python World class constructor completed
	WARNING: No active camera has been assigned, or is not in a currently selected Blender layer
	processing begun of mesh:  Kreis
		WARNING: No materials have been assigned: 
		num positions      :  0
		num normals        :  0
		num tangents       :  0
		num uvs            :  0
		num uvs2           :  0
		num colors         :  0
		num triangles      :  0
	WARNING: mesh, Kreis, has 0 vertices; ignored
	processing begun of mesh:  path52
		WARNING: No materials have been assigned: 
		num positions      :  5093
		num normals        :  5093
		num tangents       :  0
		num uvs            :  10186
		num uvs2           :  0
		num colors         :  0
		num triangles      :  1920
	processing begun of light (DIRECTIONAL):  Sun
	processing begun of light (POINT):  Point
========= Writing of JSON file started =========
	writing mesh:  path52
========= Writing of JSON file completed =========
========= end of processing =========
elapsed time:  0 min, 0.3179 secs
