Exporter version: 2.80.1, Blender version: 2.92.0
========= Conversion from Blender to Babylon.js =========
	Scene settings used :
		Inline textures     :  false
		Material Type       :  PBR
		Positions Precision :  4
		Normals Precision   :  3
		UVs Precision       :  3
		Vert Color Precision:  3
		Mat Weight Precision:  2
		Keep Z-up r-handed  :  no
		Texture directory   :  C:\Users\DCV\Documents\AbschlussProjekt\exercises\1.2 copy\assets\models\
	Python World class constructor completed
	processing begun of mesh:  Kreis
		WARNING: No materials have been assigned: 
		num positions      :  0
		num normals        :  0
		num tangents       :  0
		num uvs            :  0
		num uvs2           :  0
		num colors         :  0
		num triangles      :  0
	WARNING: mesh, Kreis, has 0 vertices; ignored
	processing begun of mesh:  Torus.001
		WARNING: No materials have been assigned: 
		num positions      :  753
		num normals        :  753
		num tangents       :  0
		num uvs            :  1506
		num uvs2           :  0
		num colors         :  0
		num triangles      :  1152
	processing begun of camera (UniversalCamera):  Camera
	WARNING: The following object (type - CURVE) is not currently exportable thus ignored: path52
	WARNING: The following object (type - CURVE) is not currently exportable thus ignored: path54
	WARNING: The following object (type - CURVE) is not currently exportable thus ignored: path56
	WARNING: The following object (type - CURVE) is not currently exportable thus ignored: path58
	WARNING: The following object (type - CURVE) is not currently exportable thus ignored: path60
	processing begun of light (POINT):  Light
========= Writing of JSON file started =========
	writing mesh:  Torus.001
========= Writing of JSON file completed =========
========= end of processing =========
elapsed time:  0 min, 0.2603 secs
