Exporter version: 2.80.1, Blender version: 2.92.0
========= Conversion from Blender to Babylon.js =========
	Scene settings used :
		Inline textures     :  false
		Material Type       :  PBR
		Positions Precision :  4
		Normals Precision   :  3
		UVs Precision       :  3
		Vert Color Precision:  3
		Mat Weight Precision:  2
		Keep Z-up r-handed  :  no
		Texture directory   :  C:\Users\DCV\Documents\AbschlussProjekt\exercises\1.2\assets\models\
	Python World class constructor completed
	WARNING: No active camera has been assigned, or is not in a currently selected Blender layer
	processing begun of mesh:  Floor
		processing begun of material:  Material
		num positions      :  4
		num normals        :  4
		num tangents       :  0
		num uvs            :  8
		num uvs2           :  0
		num colors         :  0
		num triangles      :  2
	processing begun of mesh:  Floating Cape 1
		processing begun of material:  Cloth
			WARNING: unsupported node type(ShaderNodeValue) will trigger baking
			WARNING: unsupported node type(NodeReroute) will trigger baking
			WARNING: unsupported node type(ShaderNodeValue) will trigger baking
			WARNING: unsupported node type(NodeReroute) will trigger baking
			WARNING: unsupported node type(ShaderNodeValue) will trigger baking
			WARNING: unsupported node type(NodeReroute) will trigger baking
			WARNING: Roughness channel baking required, but not possible, ignored
			processing texture TexturesCom_Fabric_Felt_1K_normal
				WARNING: Exception during copy:
					[Errno 2] No such file or directory: 'C:\\Users\\DCV\\Downloads\\..\\..\\Materials\\Other\\Felt\\TexturesCom_Fabric_Felt_1K_normal.tif'
				texture type:  bumpTexture, mapped using: "UVMap"
			processing texture TexturesCom_Fabric_Felt_1K_albedo
				WARNING: Exception during copy:
					[Errno 2] No such file or directory: 'C:\\Users\\DCV\\Downloads\\..\\..\\Materials\\Other\\Felt\\TexturesCom_Fabric_Felt_1K_albedo.tif'
				texture type:  diffuseTexture, mapped using: "UVMap"
			processing texture TexturesCom_Fabric_Felt_1K_roughness
				WARNING: Exception during copy:
					[Errno 2] No such file or directory: 'C:\\Users\\DCV\\Downloads\\..\\..\\Materials\\Other\\Felt\\TexturesCom_Fabric_Felt_1K_roughness.tif'
				texture type:  value not meaningful 2, mapped using: "UVMap"
			Baking texture, type: DIFFUSE, mapped using: UVMap
			processing texture Floating_Cape_1_baked_DIFFUSE
				texture type:  diffuseTexture, mapped using: "UVMap"
			bake time:  0 min, 41.3863 secs
		num positions      :  51657
		num normals        :  51657
		num tangents       :  0
		num uvs            :  103314
		num uvs2           :  0
		num colors         :  0
		num triangles      :  102400
	processing begun of mesh:  Floating Cape 2
		processing begun of material:  Cloth
			WARNING: unsupported node type(ShaderNodeValue) will trigger baking
			WARNING: unsupported node type(NodeReroute) will trigger baking
			WARNING: unsupported node type(ShaderNodeValue) will trigger baking
			WARNING: unsupported node type(NodeReroute) will trigger baking
			WARNING: unsupported node type(ShaderNodeValue) will trigger baking
			WARNING: unsupported node type(NodeReroute) will trigger baking
			WARNING: Roughness channel baking required, but not possible, ignored
			processing texture TexturesCom_Fabric_Felt_1K_normal
				WARNING: Exception during copy:
					[Errno 2] No such file or directory: 'C:\\Users\\DCV\\Downloads\\..\\..\\Materials\\Other\\Felt\\TexturesCom_Fabric_Felt_1K_normal.tif'
				texture type:  bumpTexture, mapped using: "UVMap"
			processing texture TexturesCom_Fabric_Felt_1K_albedo
				WARNING: Exception during copy:
					[Errno 2] No such file or directory: 'C:\\Users\\DCV\\Downloads\\..\\..\\Materials\\Other\\Felt\\TexturesCom_Fabric_Felt_1K_albedo.tif'
				texture type:  diffuseTexture, mapped using: "UVMap"
			processing texture TexturesCom_Fabric_Felt_1K_roughness
				WARNING: Exception during copy:
					[Errno 2] No such file or directory: 'C:\\Users\\DCV\\Downloads\\..\\..\\Materials\\Other\\Felt\\TexturesCom_Fabric_Felt_1K_roughness.tif'
				texture type:  value not meaningful 2, mapped using: "UVMap"
			Baking texture, type: DIFFUSE, mapped using: UVMap
			processing texture Floating_Cape_2_baked_DIFFUSE
				texture type:  diffuseTexture, mapped using: "UVMap"
			bake time:  0 min, 27.2683 secs
		num positions      :  306058
		num normals        :  306058
		num tangents       :  0
		num uvs            :  612116
		num uvs2           :  0
		num colors         :  0
		num triangles      :  102400
	processing begun of mesh:  Ground Cape 1
		processing begun of material:  Cloth
			WARNING: unsupported node type(ShaderNodeValue) will trigger baking
			WARNING: unsupported node type(NodeReroute) will trigger baking
			WARNING: unsupported node type(ShaderNodeValue) will trigger baking
			WARNING: unsupported node type(NodeReroute) will trigger baking
			WARNING: unsupported node type(ShaderNodeValue) will trigger baking
			WARNING: unsupported node type(NodeReroute) will trigger baking
			WARNING: Roughness channel baking required, but not possible, ignored
			processing texture TexturesCom_Fabric_Felt_1K_normal
				WARNING: Exception during copy:
					[Errno 2] No such file or directory: 'C:\\Users\\DCV\\Downloads\\..\\..\\Materials\\Other\\Felt\\TexturesCom_Fabric_Felt_1K_normal.tif'
				texture type:  bumpTexture, mapped using: "UVMap"
			processing texture TexturesCom_Fabric_Felt_1K_albedo
				WARNING: Exception during copy:
					[Errno 2] No such file or directory: 'C:\\Users\\DCV\\Downloads\\..\\..\\Materials\\Other\\Felt\\TexturesCom_Fabric_Felt_1K_albedo.tif'
				texture type:  diffuseTexture, mapped using: "UVMap"
			processing texture TexturesCom_Fabric_Felt_1K_roughness
				WARNING: Exception during copy:
					[Errno 2] No such file or directory: 'C:\\Users\\DCV\\Downloads\\..\\..\\Materials\\Other\\Felt\\TexturesCom_Fabric_Felt_1K_roughness.tif'
				texture type:  value not meaningful 2, mapped using: "UVMap"
			Baking texture, type: DIFFUSE, mapped using: UVMap
			processing texture Ground_Cape_1_baked_DIFFUSE
				texture type:  diffuseTexture, mapped using: "UVMap"
			bake time:  0 min, 25.6233 secs
		num positions      :  47693
		num normals        :  47693
		num tangents       :  0
		num uvs            :  95386
		num uvs2           :  0
		num colors         :  0
		num triangles      :  94514
========= Writing of JSON file started =========
	writing mesh:  Floor
	writing mesh:  Floating Cape 1
	writing mesh:  Floating Cape 2
	writing mesh:  Ground Cape 1
========= Writing of JSON file completed =========
========= end of processing =========
elapsed time:  2 min, 18.4575 secs
