Exporter version: 2.80.1, Blender version: 2.92.0
========= Conversion from Blender to Babylon.js =========
	Scene settings used :
		Inline textures     :  false
		Material Type       :  PBR
		Positions Precision :  4
		Normals Precision   :  3
		UVs Precision       :  3
		Vert Color Precision:  3
		Mat Weight Precision:  2
		Keep Z-up r-handed  :  no
		Texture directory   :  C:\Users\DCV\Documents\AbschlussProjekt\exercises\1.2\assets\models\
	Python World class constructor completed
	processing begun of mesh:  Kreis
		WARNING: No materials have been assigned: 
		num positions      :  0
		num normals        :  0
		num tangents       :  0
		num uvs            :  0
		num uvs2           :  0
		num colors         :  0
		num triangles      :  0
	WARNING: mesh, Kreis, has 0 vertices; ignored
	processing begun of mesh:  Kreis.001
		WARNING: No materials have been assigned: 
		num positions      :  0
		num normals        :  0
		num tangents       :  0
		num uvs            :  0
		num uvs2           :  0
		num colors         :  0
		num triangles      :  0
	WARNING: mesh, Kreis.001, has 0 vertices; ignored
	processing begun of camera (UniversalCamera):  Camera
	processing begun of mesh:  Stoffueberzug
		WARNING: No materials have been assigned: 
		num positions      :  4330
		num normals        :  4330
		num tangents       :  0
		num uvs            :  8660
		num uvs2           :  0
		num colors         :  0
		num triangles      :  1452
	processing begun of mesh:  Polsterung
		WARNING: No materials have been assigned: 
		num positions      :  4330
		num normals        :  4330
		num tangents       :  0
		num uvs            :  8660
		num uvs2           :  0
		num colors         :  0
		num triangles      :  1452
	processing begun of mesh:  Metallteile
		WARNING: No materials have been assigned: 
		num positions      :  7306
		num normals        :  7306
		num tangents       :  0
		num uvs            :  14612
		num uvs2           :  0
		num colors         :  0
		num triangles      :  2880
	processing begun of mesh:  Stoffueberzug1
		WARNING: No materials have been assigned: 
		num positions      :  728
		num normals        :  728
		num tangents       :  0
		num uvs            :  1456
		num uvs2           :  0
		num colors         :  0
		num triangles      :  1452
	processing begun of light (POINT):  Light
========= Writing of JSON file started =========
	writing mesh:  Stoffueberzug
	writing mesh:  Polsterung
	writing mesh:  Metallteile
	writing mesh:  Stoffueberzug1
========= Writing of JSON file completed =========
========= end of processing =========
elapsed time:  0 min, 0.7725 secs
