Exporter version: 2.80.1, Blender version: 2.92.0
========= Conversion from Blender to Babylon.js =========
	Scene settings used :
		Inline textures     :  false
		Material Type       :  PBR
		Positions Precision :  4
		Normals Precision   :  3
		UVs Precision       :  3
		Vert Color Precision:  3
		Mat Weight Precision:  2
		Keep Z-up r-handed  :  no
		Texture directory   :  C:\Users\DCV\Documents\AbschlussProjekt\exercises\1.2\assets\models\
	Python World class constructor completed
	processing begun of mesh:  Metallteile
		WARNING: No materials have been assigned: 
		num positions      :  7340
		num normals        :  7340
		num tangents       :  0
		num uvs            :  14680
		num uvs2           :  0
		num colors         :  0
		num triangles      :  12500
	processing begun of mesh:  Stoffueberzug
		WARNING: No materials have been assigned: 
		num positions      :  2418
		num normals        :  2418
		num tangents       :  0
		num uvs            :  4836
		num uvs2           :  0
		num colors         :  0
		num triangles      :  4004
	processing begun of mesh:  Polsterung
		WARNING: No materials have been assigned: 
		num positions      :  216
		num normals        :  216
		num tangents       :  0
		num uvs            :  432
		num uvs2           :  0
		num colors         :  0
		num triangles      :  424
	processing begun of camera (UniversalCamera):  Camera
	processing begun of light (POINT):  Light
========= Writing of JSON file started =========
	writing mesh:  Metallteile
	writing mesh:  Stoffueberzug
	writing mesh:  Polsterung
========= Writing of JSON file completed =========
========= end of processing =========
elapsed time:  0 min, 1.6606 secs
